[2025-06-28 14:44:23,597:INFO:main:welcome to custom logging datascience]
[2025-06-28 17:31:17,507:INFO:common:yaml file :config\config.yaml loaded successfully]
[2025-06-28 17:31:17,510:INFO:common:yaml file :params.yaml loaded successfully]
[2025-06-28 17:31:17,512:INFO:common:yaml file :schema.yaml loaded successfully]
[2025-06-28 17:35:34,754:INFO:common:yaml file :config\config.yaml loaded successfully]
[2025-06-28 17:35:34,756:INFO:common:yaml file :params.yaml loaded successfully]
[2025-06-28 17:35:34,757:INFO:common:yaml file :schema.yaml loaded successfully]
[2025-06-28 17:37:36,596:INFO:common:yaml file :config\config.yaml loaded successfully]
[2025-06-28 17:37:36,599:INFO:common:yaml file :params.yaml loaded successfully]
[2025-06-28 17:37:36,601:INFO:common:yaml file :schema.yaml loaded successfully]
[2025-06-28 17:39:23,879:INFO:common:yaml file :config\config.yaml loaded successfully]
[2025-06-28 17:39:23,884:INFO:common:yaml file :params.yaml loaded successfully]
[2025-06-28 17:39:23,888:INFO:common:yaml file :schema.yaml loaded successfully]
[2025-06-28 17:39:23,892:INFO:common:created directory at:artifacts]
[2025-06-28 17:39:23,896:INFO:common:created directory at:artifacts\data_ingestion]
[2025-06-28 17:39:39,276:INFO:common:yaml file :config\config.yaml loaded successfully]
[2025-06-28 17:39:39,278:INFO:common:yaml file :params.yaml loaded successfully]
[2025-06-28 17:39:39,280:INFO:common:yaml file :schema.yaml loaded successfully]
[2025-06-28 17:39:39,282:INFO:common:created directory at:artifacts]
[2025-06-28 17:39:39,284:INFO:common:created directory at:artifacts\data_ingestion]
[2025-06-28 17:43:53,377:INFO:common:yaml file :config\config.yaml loaded successfully]
[2025-06-28 17:43:53,381:INFO:common:yaml file :params.yaml loaded successfully]
[2025-06-28 17:43:53,384:INFO:common:yaml file :schema.yaml loaded successfully]
[2025-06-28 17:43:53,387:INFO:common:created directory at:artifacts]
[2025-06-28 17:43:53,389:INFO:common:created directory at:artifacts\data_ingestion]
[2025-06-28 17:44:05,561:INFO:common:yaml file :config\config.yaml loaded successfully]
[2025-06-28 17:44:05,564:INFO:common:yaml file :params.yaml loaded successfully]
[2025-06-28 17:44:05,567:INFO:common:yaml file :schema.yaml loaded successfully]
[2025-06-28 17:44:05,569:INFO:common:created directory at:artifacts]
[2025-06-28 17:44:05,570:INFO:common:created directory at:artifacts\data_ingestion]
[2025-06-28 17:48:56,189:INFO:common:yaml file :config\config.yaml loaded successfully]
[2025-06-28 17:48:56,191:INFO:common:yaml file :params.yaml loaded successfully]
[2025-06-28 17:48:56,194:INFO:common:yaml file :schema.yaml loaded successfully]
[2025-06-28 17:48:56,196:INFO:common:created directory at:artifacts]
[2025-06-28 17:48:56,198:INFO:common:created directory at:artifacts\data_ingestion]
[2025-06-28 17:51:33,126:INFO:common:yaml file :config\config.yaml loaded successfully]
[2025-06-28 17:51:33,129:INFO:common:yaml file :params.yaml loaded successfully]
[2025-06-28 17:51:33,131:INFO:common:yaml file :schema.yaml loaded successfully]
[2025-06-28 17:51:33,133:INFO:common:created directory at:artifacts]
[2025-06-28 17:51:33,135:INFO:common:created directory at:artifacts\data_ingestion]
[2025-06-28 17:53:29,585:INFO:common:yaml file :config\config.yaml loaded successfully]
[2025-06-28 17:53:29,589:INFO:common:yaml file :params.yaml loaded successfully]
[2025-06-28 17:53:29,590:INFO:common:yaml file :schema.yaml loaded successfully]
[2025-06-28 17:53:29,593:INFO:common:created directory at:artifacts]
[2025-06-28 17:53:29,595:INFO:common:created directory at:artifacts\data_ingestion]
[2025-06-28 17:54:12,482:INFO:common:yaml file :config\config.yaml loaded successfully]
[2025-06-28 17:54:12,486:INFO:common:yaml file :params.yaml loaded successfully]
[2025-06-28 17:54:12,490:INFO:common:yaml file :schema.yaml loaded successfully]
[2025-06-28 17:54:12,492:INFO:common:created directory at:artifacts]
[2025-06-28 17:54:12,494:INFO:common:created directory at:artifacts\data_ingestion]
[2025-06-28 17:55:05,634:INFO:common:yaml file :config\config.yaml loaded successfully]
[2025-06-28 17:55:05,636:INFO:common:yaml file :params.yaml loaded successfully]
[2025-06-28 17:55:05,639:INFO:common:yaml file :schema.yaml loaded successfully]
[2025-06-28 17:55:05,642:INFO:common:created directory at:artifacts]
[2025-06-28 17:55:05,644:INFO:common:created directory at:artifacts\data_ingestion]
[2025-06-28 17:55:05,645:INFO:1968621356:About to download from URL: 'https:\\raw.githubusercontent.com\\Yash49hdfmj\\mlops_first_project\\main\\data.zip']
[2025-06-28 17:56:39,334:INFO:common:yaml file :config\config.yaml loaded successfully]
[2025-06-28 17:56:39,338:INFO:common:yaml file :params.yaml loaded successfully]
[2025-06-28 17:56:39,340:INFO:common:yaml file :schema.yaml loaded successfully]
[2025-06-28 17:56:39,341:INFO:common:created directory at:artifacts]
[2025-06-28 17:56:39,342:INFO:common:created directory at:artifacts\data_ingestion]
[2025-06-28 17:56:39,343:INFO:1968621356:About to download from URL: 'https:\\raw.githubusercontent.com\\Yash49hdfmj\\mlops_first_project\\main\\data.zip']
[2025-06-28 17:59:42,488:INFO:common:yaml file :config\config.yaml loaded successfully]
[2025-06-28 17:59:42,492:INFO:common:yaml file :params.yaml loaded successfully]
[2025-06-28 17:59:42,494:INFO:common:yaml file :schema.yaml loaded successfully]
[2025-06-28 17:59:42,496:INFO:common:created directory at:artifacts]
[2025-06-28 17:59:42,499:INFO:common:created directory at:artifacts\data_ingestion]
[2025-06-28 17:59:42,500:INFO:2028759657:About to download from URL: 'https:\\raw.githubusercontent.com\\Yash49hdfmj\\mlops_first_project\\main\\data.zip']
[2025-06-28 18:01:11,863:INFO:common:yaml file :config\config.yaml loaded successfully]
[2025-06-28 18:01:11,867:INFO:common:yaml file :params.yaml loaded successfully]
[2025-06-28 18:01:11,869:INFO:common:yaml file :schema.yaml loaded successfully]
[2025-06-28 18:01:11,871:INFO:common:created directory at:artifacts]
[2025-06-28 18:01:11,873:INFO:common:created directory at:artifacts\data_ingestion]
[2025-06-28 18:01:11,874:INFO:404836210:About to download from URL: 'https:\\raw.githubusercontent.com\\Yash49hdfmj\\mlops_first_project\\main\\data.zip']
[2025-06-28 18:01:46,422:INFO:common:yaml file :config\config.yaml loaded successfully]
[2025-06-28 18:01:46,423:INFO:common:yaml file :params.yaml loaded successfully]
[2025-06-28 18:01:46,426:INFO:common:yaml file :schema.yaml loaded successfully]
[2025-06-28 18:01:46,429:INFO:common:created directory at:artifacts]
[2025-06-28 18:01:46,431:INFO:common:created directory at:artifacts\data_ingestion]
[2025-06-28 18:01:46,432:INFO:1048443111:About to download from URL: 'https:\\raw.githubusercontent.com\\Yash49hdfmj\\mlops_first_project\\main\\data.zip']
[2025-06-28 18:02:08,922:INFO:common:yaml file :config\config.yaml loaded successfully]
[2025-06-28 18:02:08,925:INFO:common:yaml file :params.yaml loaded successfully]
[2025-06-28 18:02:08,928:INFO:common:yaml file :schema.yaml loaded successfully]
[2025-06-28 18:02:08,930:INFO:common:created directory at:artifacts]
[2025-06-28 18:02:08,932:INFO:common:created directory at:artifacts\data_ingestion]
[2025-06-28 18:02:08,934:INFO:1048443111:About to download from URL: 'https:\\raw.githubusercontent.com\\Yash49hdfmj\\mlops_first_project\\main\\data.zip']
[2025-06-28 18:03:11,818:INFO:common:yaml file :config\config.yaml loaded successfully]
[2025-06-28 18:03:11,820:INFO:common:yaml file :params.yaml loaded successfully]
[2025-06-28 18:03:11,823:INFO:common:yaml file :schema.yaml loaded successfully]
[2025-06-28 18:03:11,825:INFO:common:created directory at:artifacts]
[2025-06-28 18:03:11,827:INFO:common:created directory at:artifacts\data_ingestion]
[2025-06-28 18:03:11,829:INFO:3376892427:About to download from URL: 'https:\\raw.githubusercontent.com\\Yash49hdfmj\\mlops_first_project\\main\\data.zip']
[2025-06-28 18:04:33,864:INFO:common:yaml file :config\config.yaml loaded successfully]
[2025-06-28 18:04:33,867:INFO:common:yaml file :params.yaml loaded successfully]
[2025-06-28 18:04:33,870:INFO:common:yaml file :schema.yaml loaded successfully]
[2025-06-28 18:04:33,871:INFO:common:created directory at:artifacts]
[2025-06-28 18:04:33,873:INFO:common:created directory at:artifacts\data_ingestion]
[2025-06-28 18:04:33,874:INFO:961234441:About to download from URL: 'https:/raw.githubusercontent.com/Yash49hdfmj/mlops_first_project/main/data.zip']
[2025-06-28 18:05:59,347:INFO:common:yaml file :config\config.yaml loaded successfully]
[2025-06-28 18:05:59,351:INFO:common:yaml file :params.yaml loaded successfully]
[2025-06-28 18:05:59,355:INFO:common:yaml file :schema.yaml loaded successfully]
[2025-06-28 18:05:59,359:INFO:common:created directory at:artifacts]
[2025-06-28 18:05:59,362:INFO:common:created directory at:artifacts\data_ingestion]
[2025-06-28 18:05:59,363:INFO:3172246662:About to download from URL: 'https://raw.githubusercontent.com/Yash49hdfmj/mlops_first_project/main/data.zip']
[2025-06-28 18:06:00,417:INFO:3172246662:artifacts/data_ingestion/data.zip downloaded with info: 
Connection: close
Content-Length: 23329
Cache-Control: max-age=300
Content-Security-Policy: default-src 'none'; style-src 'unsafe-inline'; sandbox
Content-Type: application/zip
ETag: "c69888a4ae59bc5a893392785a938ccd4937981c06ba8a9d6a21aa52b4ab5b6e"
Strict-Transport-Security: max-age=31536000
X-Content-Type-Options: nosniff
X-Frame-Options: deny
X-XSS-Protection: 1; mode=block
X-GitHub-Request-Id: D9CB:2FCC1B:8FD22:1A0951:685FE1B3
Accept-Ranges: bytes
Date: Sat, 28 Jun 2025 12:36:04 GMT
Via: 1.1 varnish
X-Served-By: cache-maa10242-MAA
X-Cache: MISS
X-Cache-Hits: 0
X-Timer: S1751114164.877274,VS0,VE299
Vary: Authorization,Accept-Encoding
Access-Control-Allow-Origin: *
Cross-Origin-Resource-Policy: cross-origin
X-Fastly-Request-ID: 1d234bb3dd5315a5d0cf03e3b0e87c2486306b86
Expires: Sat, 28 Jun 2025 12:41:04 GMT
Source-Age: 0

]
[2025-06-30 12:36:55,448:INFO:main:>>>> stage Data Ingestion Stage started <<<<]
[2025-06-30 12:36:55,451:INFO:common:yaml file :config\config.yaml loaded successfully]
[2025-06-30 12:36:55,453:INFO:common:yaml file :params.yaml loaded successfully]
[2025-06-30 12:36:55,454:INFO:common:yaml file :schema.yaml loaded successfully]
[2025-06-30 12:36:55,455:INFO:common:created directory at:artifacts]
[2025-06-30 12:36:55,456:INFO:common:created directory at:artifacts\data_ingestion]
[2025-06-30 12:36:55,456:ERROR:main:name 'data_ingestin_config' is not defined]
Traceback (most recent call last):
  File "C:\Users\91810\Documents\mlops\mlops_first_project\main.py", line 9, in <module>
    obj.initiate_data_ingestion()
  File "C:\Users\91810\Documents\mlops\mlops_first_project\src\datascienceproject\pipeline\dataingestion_pipeline_01.py", line 12, in initiate_data_ingestion
    data_ingestion_config = config.get_data_ingestion_config()
  File "C:\Users\91810\Documents\mlops\mlops_first_project\src\datascienceproject\config\configuration.py", line 28, in get_data_ingestion_config
    return data_ingestin_config
NameError: name 'data_ingestin_config' is not defined
[2025-06-30 12:38:03,575:INFO:main:>>>> stage Data Ingestion Stage started <<<<]
[2025-06-30 12:38:03,577:INFO:common:yaml file :config\config.yaml loaded successfully]
[2025-06-30 12:38:03,578:INFO:common:yaml file :params.yaml loaded successfully]
[2025-06-30 12:38:03,579:INFO:common:yaml file :schema.yaml loaded successfully]
[2025-06-30 12:38:03,580:INFO:common:created directory at:artifacts]
[2025-06-30 12:38:03,581:INFO:common:created directory at:artifacts\data_ingestion]
[2025-06-30 12:38:03,582:INFO:data_ingestion_components:About to download from URL: 'https://raw.githubusercontent.com/Yash49hdfmj/mlops_first_project/main/data.zip']
[2025-06-30 12:38:03,589:INFO:data_ingestion_components:File already exists: artifacts/data_ingestion/data.zip]
[2025-06-30 12:38:03,601:INFO:main:>>>> stage Data Ingestion Stage completed <<<<]
[2025-06-30 13:02:44,333:INFO:main:>>>> stage Data Ingestion Stage started <<<<]
[2025-06-30 13:02:44,336:INFO:common:yaml file :config\config.yaml loaded successfully]
[2025-06-30 13:02:44,337:INFO:common:yaml file :params.yaml loaded successfully]
[2025-06-30 13:02:44,341:INFO:common:yaml file :schema.yaml loaded successfully]
[2025-06-30 13:02:44,341:INFO:common:created directory at:artifacts]
[2025-06-30 13:02:44,342:INFO:common:created directory at:artifacts\data_ingestion]
[2025-06-30 13:02:44,342:INFO:data_ingestion_components:About to download from URL: 'https://raw.githubusercontent.com/Yash49hdfmj/mlops_first_project/main/data.zip']
[2025-06-30 13:02:44,343:INFO:data_ingestion_components:File already exists: artifacts/data_ingestion/data.zip]
[2025-06-30 13:02:44,346:INFO:main:>>>> stage Data Ingestion Stage completed <<<<]
[2025-06-30 13:14:05,752:INFO:common:yaml file :config\config.yaml loaded successfully]
[2025-06-30 13:14:05,754:INFO:common:yaml file :params.yaml loaded successfully]
[2025-06-30 13:14:05,758:INFO:common:yaml file :schema.yaml loaded successfully]
[2025-06-30 13:14:05,761:INFO:common:created directory at:artifacts]
[2025-06-30 13:14:05,763:INFO:common:created directory at:artifacts\data_ingestion]
[2025-06-30 13:17:27,791:INFO:common:yaml file :config\config.yaml loaded successfully]
[2025-06-30 13:17:27,793:INFO:common:yaml file :params.yaml loaded successfully]
[2025-06-30 13:17:27,799:INFO:common:yaml file :schema.yaml loaded successfully]
[2025-06-30 13:17:27,802:INFO:common:created directory at:artifacts]
[2025-06-30 13:17:27,804:INFO:common:created directory at:artifacts\data_ingestion]
[2025-06-30 13:17:32,255:INFO:common:yaml file :config\config.yaml loaded successfully]
[2025-06-30 13:17:32,257:INFO:common:yaml file :params.yaml loaded successfully]
[2025-06-30 13:17:32,263:INFO:common:yaml file :schema.yaml loaded successfully]
[2025-06-30 13:17:32,265:INFO:common:created directory at:artifacts]
[2025-06-30 13:17:32,267:INFO:common:created directory at:artifacts\data_ingestion]
[2025-06-30 13:18:58,067:INFO:common:yaml file :config\config.yaml loaded successfully]
[2025-06-30 13:18:58,069:INFO:common:yaml file :params.yaml loaded successfully]
[2025-06-30 13:18:58,074:INFO:common:yaml file :schema.yaml loaded successfully]
[2025-06-30 13:18:58,076:INFO:common:created directory at:artifacts]
[2025-06-30 13:18:58,077:INFO:common:created directory at:artifacts\data_ingestion]
[2025-06-30 13:19:54,261:INFO:common:yaml file :config\config.yaml loaded successfully]
[2025-06-30 13:19:54,264:INFO:common:yaml file :params.yaml loaded successfully]
[2025-06-30 13:19:54,270:INFO:common:yaml file :schema.yaml loaded successfully]
[2025-06-30 13:19:54,272:INFO:common:created directory at:artifacts]
[2025-06-30 13:19:54,274:INFO:common:created directory at:artifacts\data_validation]
[2025-06-30 13:21:00,787:INFO:common:yaml file :config\config.yaml loaded successfully]
[2025-06-30 13:21:00,789:INFO:common:yaml file :params.yaml loaded successfully]
[2025-06-30 13:21:00,794:INFO:common:yaml file :schema.yaml loaded successfully]
[2025-06-30 13:21:00,797:INFO:common:created directory at:artifacts]
[2025-06-30 13:21:00,800:INFO:common:created directory at:artifacts\data_validation]
[2025-06-30 13:23:21,689:INFO:common:yaml file :config\config.yaml loaded successfully]
[2025-06-30 13:23:21,691:INFO:common:yaml file :params.yaml loaded successfully]
[2025-06-30 13:23:21,695:INFO:common:yaml file :schema.yaml loaded successfully]
[2025-06-30 13:23:21,697:INFO:common:created directory at:artifacts]
[2025-06-30 13:23:21,699:INFO:common:created directory at:artifacts\data_validation]
[2025-06-30 13:25:25,822:INFO:common:yaml file :config\config.yaml loaded successfully]
[2025-06-30 13:25:25,824:INFO:common:yaml file :params.yaml loaded successfully]
[2025-06-30 13:25:25,828:INFO:common:yaml file :schema.yaml loaded successfully]
[2025-06-30 13:25:25,830:INFO:common:created directory at:artifacts]
[2025-06-30 13:25:25,832:INFO:common:created directory at:artifacts\data_validation]
[2025-06-30 13:46:22,304:INFO:main:>>>> stage Data Ingestion Stage started <<<<]
[2025-06-30 13:46:22,307:INFO:common:yaml file :config\config.yaml loaded successfully]
[2025-06-30 13:46:22,308:INFO:common:yaml file :params.yaml loaded successfully]
[2025-06-30 13:46:22,311:INFO:common:yaml file :schema.yaml loaded successfully]
[2025-06-30 13:46:22,312:INFO:common:created directory at:artifacts]
[2025-06-30 13:46:22,313:INFO:common:created directory at:artifacts\data_ingestion]
[2025-06-30 13:46:22,313:INFO:data_ingestion_components:About to download from URL: 'https://raw.githubusercontent.com/Yash49hdfmj/mlops_first_project/main/data.zip']
[2025-06-30 13:46:22,314:INFO:data_ingestion_components:File already exists: artifacts/data_ingestion/data.zip]
[2025-06-30 13:46:22,318:INFO:main:>>>> stage Data Ingestion Stage completed <<<<]
[2025-06-30 13:46:22,318:INFO:main:>>>> stage  data validation stage started <<<<]
[2025-06-30 13:46:22,320:INFO:common:yaml file :config\config.yaml loaded successfully]
[2025-06-30 13:46:22,321:INFO:common:yaml file :params.yaml loaded successfully]
[2025-06-30 13:46:22,324:INFO:common:yaml file :schema.yaml loaded successfully]
[2025-06-30 13:46:22,325:INFO:common:created directory at:artifacts]
[2025-06-30 13:46:22,326:INFO:common:created directory at:artifacts\data_validation]
[2025-06-30 13:46:22,326:ERROR:main:name 'DataValidationconfig' is not defined]
Traceback (most recent call last):
  File "C:\Users\91810\Documents\mlops\mlops_first_project\main.py", line 22, in <module>
    obj.initiate_data_validation()
  File "C:\Users\91810\Documents\mlops\mlops_first_project\src\datascienceproject\pipeline\datavalidation_pipeline_01.py", line 12, in initiate_data_validation
    data_validation_config = config.get_data_validation_config()
  File "C:\Users\91810\Documents\mlops\mlops_first_project\src\datascienceproject\config\configuration.py", line 38, in get_data_validation_config
    data_validation_config = DataValidationconfig(
NameError: name 'DataValidationconfig' is not defined
[2025-06-30 13:47:44,487:INFO:main:>>>> stage Data Ingestion Stage started <<<<]
[2025-06-30 13:47:44,490:INFO:common:yaml file :config\config.yaml loaded successfully]
[2025-06-30 13:47:44,491:INFO:common:yaml file :params.yaml loaded successfully]
[2025-06-30 13:47:44,494:INFO:common:yaml file :schema.yaml loaded successfully]
[2025-06-30 13:47:44,495:INFO:common:created directory at:artifacts]
[2025-06-30 13:47:44,496:INFO:common:created directory at:artifacts\data_ingestion]
[2025-06-30 13:47:44,496:INFO:data_ingestion_components:About to download from URL: 'https://raw.githubusercontent.com/Yash49hdfmj/mlops_first_project/main/data.zip']
[2025-06-30 13:47:44,497:INFO:data_ingestion_components:File already exists: artifacts/data_ingestion/data.zip]
[2025-06-30 13:47:44,502:INFO:main:>>>> stage Data Ingestion Stage completed <<<<]
[2025-06-30 13:47:44,502:INFO:main:>>>> stage  data validation stage started <<<<]
[2025-06-30 13:47:44,505:INFO:common:yaml file :config\config.yaml loaded successfully]
[2025-06-30 13:47:44,506:INFO:common:yaml file :params.yaml loaded successfully]
[2025-06-30 13:47:44,509:INFO:common:yaml file :schema.yaml loaded successfully]
[2025-06-30 13:47:44,510:INFO:common:created directory at:artifacts]
[2025-06-30 13:47:44,510:INFO:common:created directory at:artifacts\data_validation]
[2025-06-30 13:47:44,524:INFO:main:>>>> stage  data validation stage completed <<<<]
